1 2018/10/08 10:06:21,239 1243 [ERROR ] [main] com.professordanilo.quizapp professordanilo.quizapp.Main.main(Main.java:47) – Erros de testes
 3 2018/10/08 10:06:21,507 1511 [WARN  ] [main] hibernate.orm.deprecation internal.stax.LocalXmlResourceResolver.resolveEntity(LocalXmlResourceResolver.java:91) – HHH90000012: Recognized obsolete hibernate namespace http://hibernate.sourceforge.net/hibernate-configuration. Use namespace http://www.hibernate.org/dtd/hibernate-configuration instead.  Support for obsolete DTD/XSD namespaces may be removed at any time.
 5 2018/10/08 10:06:21,874 1878 [WARN  ] [main] orm.connections.pooling connections.internal.DriverManagerConnectionProviderImpl.configure(DriverManagerConnectionProviderImpl.java:73) – HHH10001002: Using Hibernate built-in connection pool (not for production use!)
 7 2018/10/08 10:06:22,348 2352 [WARN  ] [main] hibernate.orm.deprecation hibernate.internal.SessionImpl.createCriteria(SessionImpl.java:1874) – HHH90000022: Hibernate's legacy org.hibernate.Criteria API is deprecated; use the JPA javax.persistence.criteria.CriteriaQuery instead
 9 2018/10/08 10:06:22,571 2575 [ERROR ] [main] com.professordanilo.quizapp professordanilo.quizapp.Main.main(Main.java:51) – java.lang.RuntimeException: Erro logo
 1 2018/10/08 10:08:14,565 505 [ERROR ] [main] com.professordanilo.quizapp professordanilo.quizapp.Main.main(Main.java:47) – Erros de testes
 3 2018/10/08 10:08:14,802 742 [WARN  ] [main] hibernate.orm.deprecation internal.stax.LocalXmlResourceResolver.resolveEntity(LocalXmlResourceResolver.java:91) – HHH90000012: Recognized obsolete hibernate namespace http://hibernate.sourceforge.net/hibernate-configuration. Use namespace http://www.hibernate.org/dtd/hibernate-configuration instead.  Support for obsolete DTD/XSD namespaces may be removed at any time.
 5 2018/10/08 10:08:14,979 919 [WARN  ] [main] orm.connections.pooling connections.internal.DriverManagerConnectionProviderImpl.configure(DriverManagerConnectionProviderImpl.java:73) – HHH10001002: Using Hibernate built-in connection pool (not for production use!)
 7 2018/10/08 10:08:15,402 1342 [WARN  ] [main] hibernate.orm.deprecation hibernate.internal.SessionImpl.createCriteria(SessionImpl.java:1874) – HHH90000022: Hibernate's legacy org.hibernate.Criteria API is deprecated; use the JPA javax.persistence.criteria.CriteriaQuery instead
 9 2018/10/08 10:08:15,586 1526 [ERROR ] [main] com.professordanilo.quizapp professordanilo.quizapp.Main.main(Main.java:51) – Catching
 java.lang.RuntimeException: Erro logo
	at br.com.professordanilo.quizapp.frame.QuizManager.selectOriginalLogo(QuizManager.java:98)
	at br.com.professordanilo.quizapp.frame.QuizManager.<init>(QuizManager.java:72)
	at br.com.professordanilo.quizapp.Main.main(Main.java:49)
1 2018/10/08 11:10:02,498 668 [WARN  ] [main] hibernate.orm.deprecation internal.stax.LocalXmlResourceResolver.resolveEntity(LocalXmlResourceResolver.java:91) – HHH90000012: Recognized obsolete hibernate namespace http://hibernate.sourceforge.net/hibernate-configuration. Use namespace http://www.hibernate.org/dtd/hibernate-configuration instead.  Support for obsolete DTD/XSD namespaces may be removed at any time.
 3 2018/10/08 11:10:02,673 843 [WARN  ] [main] orm.connections.pooling connections.internal.DriverManagerConnectionProviderImpl.configure(DriverManagerConnectionProviderImpl.java:73) – HHH10001002: Using Hibernate built-in connection pool (not for production use!)
 5 2018/10/08 11:10:03,064 1234 [WARN  ] [main] hibernate.orm.deprecation hibernate.internal.SessionImpl.createCriteria(SessionImpl.java:1874) – HHH90000022: Hibernate's legacy org.hibernate.Criteria API is deprecated; use the JPA javax.persistence.criteria.CriteriaQuery instead
 1 2018/10/08 11:28:40,420 1141 [WARN  ] [main] hibernate.orm.deprecation internal.stax.LocalXmlResourceResolver.resolveEntity(LocalXmlResourceResolver.java:91) – HHH90000012: Recognized obsolete hibernate namespace http://hibernate.sourceforge.net/hibernate-configuration. Use namespace http://www.hibernate.org/dtd/hibernate-configuration instead.  Support for obsolete DTD/XSD namespaces may be removed at any time.
 3 2018/10/08 11:28:40,627 1348 [WARN  ] [main] orm.connections.pooling connections.internal.DriverManagerConnectionProviderImpl.configure(DriverManagerConnectionProviderImpl.java:73) – HHH10001002: Using Hibernate built-in connection pool (not for production use!)
 5 2018/10/08 11:28:41,040 1761 [WARN  ] [main] hibernate.orm.deprecation hibernate.internal.SessionImpl.createCriteria(SessionImpl.java:1874) – HHH90000022: Hibernate's legacy org.hibernate.Criteria API is deprecated; use the JPA javax.persistence.criteria.CriteriaQuery instead
 